TN:
SF:/mnt/e/desktop/gits/frontend-dev-test/src/components/head/head.js
FN:5,HeadComponent
FNF:1
FNH:1
FNDA:1,HeadComponent
DA:1,1
DA:2,1
DA:3,1
DA:6,1
LF:4
LH:4
BRF:0
BRH:0
end_of_record
TN:
SF:/mnt/e/desktop/gits/frontend-dev-test/src/components/head/head.spec.js
FN:7,(anonymous_0)
FN:8,(anonymous_1)
FNF:2
FNH:2
FNDA:1,(anonymous_0)
FNDA:1,(anonymous_1)
DA:1,1
DA:2,1
DA:3,1
DA:4,1
DA:5,1
DA:7,1
DA:8,1
DA:9,1
DA:11,1
LF:9
LH:9
BRF:0
BRH:0
end_of_record
TN:
SF:/mnt/e/desktop/gits/frontend-dev-test/src/components/node/node.js
FN:6,NodeComponent
FN:20,(anonymous_1)
FNF:2
FNH:2
FNDA:2,NodeComponent
FNDA:2,(anonymous_1)
DA:1,1
DA:2,1
DA:3,1
DA:4,1
DA:6,2
DA:7,2
DA:8,2
DA:10,2
DA:20,2
LF:9
LH:9
BRDA:18,0,0,2
BRDA:18,0,1,1
BRF:2
BRH:2
end_of_record
TN:
SF:/mnt/e/desktop/gits/frontend-dev-test/src/components/node/node.spec.js
FN:7,(anonymous_0)
FN:10,(anonymous_1)
FN:28,(anonymous_2)
FNF:3
FNH:3
FNDA:1,(anonymous_0)
FNDA:1,(anonymous_1)
FNDA:1,(anonymous_2)
DA:1,1
DA:2,1
DA:3,1
DA:4,1
DA:5,1
DA:7,1
DA:8,1
DA:10,1
DA:11,1
DA:12,1
DA:13,1
DA:15,1
DA:17,1
DA:28,1
DA:29,1
DA:30,1
DA:32,1
DA:34,1
LF:18
LH:18
BRF:0
BRH:0
end_of_record
TN:
SF:/mnt/e/desktop/gits/frontend-dev-test/src/components/tree/actions.js
FN:4,fetchedListing
FN:5,searchListing
FN:7,getListing
FN:8,(anonymous_3)
FNF:4
FNH:4
FNDA:1,fetchedListing
FNDA:2,searchListing
FNDA:2,getListing
FNDA:1,(anonymous_3)
DA:1,1
DA:2,1
DA:4,2
DA:5,3
DA:7,3
LF:5
LH:5
BRF:0
BRH:0
end_of_record
TN:
SF:/mnt/e/desktop/gits/frontend-dev-test/src/components/tree/actions.spec.js
FN:12,(anonymous_0)
FN:15,(anonymous_1)
FN:22,(anonymous_2)
FN:30,(anonymous_3)
FNF:4
FNH:4
FNDA:1,(anonymous_0)
FNDA:1,(anonymous_1)
FNDA:1,(anonymous_2)
FNDA:1,(anonymous_3)
DA:1,1
DA:2,1
DA:3,1
DA:4,1
DA:12,1
DA:13,1
DA:15,1
DA:16,1
DA:17,1
DA:19,1
DA:22,1
DA:23,1
DA:25,1
DA:27,1
DA:30,1
DA:31,1
DA:32,1
DA:34,1
LF:18
LH:18
BRF:0
BRH:0
end_of_record
TN:
SF:/mnt/e/desktop/gits/frontend-dev-test/src/components/tree/reducer.js
FN:6,_default
FNF:1
FNH:1
FNDA:3,_default
DA:1,1
DA:2,1
DA:4,1
DA:6,3
DA:7,3
DA:8,3
DA:10,3
DA:12,1
DA:13,1
DA:15,1
DA:16,1
DA:18,1
DA:21,2
LF:13
LH:13
BRDA:6,0,0,2
BRDA:6,0,1,1
BRDA:6,1,0,6
BRDA:6,1,1,3
BRDA:11,2,0,1
BRDA:11,2,1,1
BRDA:11,2,2,1
BRF:7
BRH:7
end_of_record
TN:
SF:/mnt/e/desktop/gits/frontend-dev-test/src/components/tree/reducer.spec.js
FN:6,(anonymous_0)
FN:9,(anonymous_1)
FN:13,(anonymous_2)
FN:20,(anonymous_3)
FNF:4
FNH:4
FNDA:1,(anonymous_0)
FNDA:1,(anonymous_1)
FNDA:1,(anonymous_2)
FNDA:1,(anonymous_3)
DA:1,1
DA:2,1
DA:3,1
DA:4,1
DA:6,1
DA:7,1
DA:9,1
DA:10,1
DA:13,1
DA:14,1
DA:15,1
DA:17,1
DA:20,1
DA:21,1
DA:22,1
DA:27,1
DA:35,1
LF:17
LH:17
BRF:0
BRH:0
end_of_record
TN:
SF:/mnt/e/desktop/gits/frontend-dev-test/src/components/tree/tree.js
FN:7,Tree
FN:10,(anonymous_1)
FN:14,(anonymous_2)
FN:27,onChange
FNF:4
FNH:4
FNDA:3,Tree
FNDA:1,(anonymous_1)
FNDA:1,(anonymous_2)
FNDA:1,onChange
DA:1,1
DA:2,1
DA:3,1
DA:4,1
DA:5,1
DA:7,3
DA:8,3
DA:10,3
DA:11,1
DA:14,3
DA:15,1
DA:19,3
DA:20,2
DA:27,1
DA:37,1
LF:15
LH:15
BRDA:7,0,0,1
BRDA:7,0,1,2
BRDA:19,1,0,2
BRDA:19,1,1,1
BRF:4
BRH:4
end_of_record
TN:
SF:/mnt/e/desktop/gits/frontend-dev-test/src/components/tree/tree.spec.js
FN:10,(anonymous_0)
FN:13,(anonymous_1)
FN:27,(anonymous_2)
FN:35,(anonymous_3)
FNF:4
FNH:4
FNDA:1,(anonymous_0)
FNDA:1,(anonymous_1)
FNDA:1,(anonymous_2)
FNDA:1,(anonymous_3)
DA:1,1
DA:2,1
DA:3,1
DA:4,1
DA:5,1
DA:6,1
DA:7,1
DA:8,1
DA:10,1
DA:11,1
DA:13,1
DA:14,1
DA:15,1
DA:16,1
DA:18,1
DA:19,1
DA:20,1
DA:27,1
DA:28,1
DA:30,1
DA:32,1
DA:35,1
DA:36,1
DA:37,1
DA:38,1
DA:39,1
DA:40,1
DA:42,1
DA:44,1
LF:29
LH:29
BRF:0
BRH:0
end_of_record
TN:
SF:/mnt/e/desktop/gits/frontend-dev-test/src/components/tree/util.js
FN:3,getAllFileNamesInDirectory
FN:6,(anonymous_1)
FN:19,isFileASearchMatch
FN:21,setFilesNotInSearch
FN:22,(anonymous_4)
FN:29,(anonymous_5)
FN:38,markSearchedPaths
FNF:7
FNH:7
FNDA:8,getAllFileNamesInDirectory
FNDA:12,(anonymous_1)
FNDA:17,isFileASearchMatch
FNDA:5,setFilesNotInSearch
FNDA:9,(anonymous_4)
FNDA:5,(anonymous_5)
FNDA:1,markSearchedPaths
DA:1,1
DA:3,1
DA:4,8
DA:6,8
DA:7,12
DA:9,12
DA:10,4
DA:12,8
DA:16,8
DA:19,18
DA:21,1
DA:22,5
DA:23,9
DA:25,9
DA:26,3
DA:29,5
DA:30,3
DA:33,6
DA:38,1
DA:39,1
DA:41,1
DA:43,1
LF:22
LH:22
BRDA:9,0,0,4
BRDA:9,0,1,8
BRDA:25,1,0,3
BRDA:25,1,1,6
BRF:4
BRH:4
end_of_record
TN:
SF:/mnt/e/desktop/gits/frontend-dev-test/src/components/tree/util.spec.js
FN:9,(anonymous_0)
FN:38,(anonymous_1)
FN:42,(anonymous_2)
FN:53,(anonymous_3)
FNF:4
FNH:4
FNDA:1,(anonymous_0)
FNDA:1,(anonymous_1)
FNDA:1,(anonymous_2)
FNDA:1,(anonymous_3)
DA:1,1
DA:2,1
DA:3,1
DA:9,1
DA:10,1
DA:11,1
DA:12,1
DA:13,1
DA:14,1
DA:15,1
DA:16,1
DA:17,1
DA:38,1
DA:39,1
DA:42,1
DA:43,1
DA:45,1
DA:46,1
DA:47,1
DA:48,1
DA:49,1
DA:50,1
DA:53,1
DA:54,1
DA:78,1
DA:80,1
LF:26
LH:26
BRF:0
BRH:0
end_of_record
