TN:
SF:/mnt/e/desktop/gits/frontend-dev-test/src/components/head/head.js
FN:5,HeadComponent
FNF:1
FNH:1
FNDA:1,HeadComponent
DA:1,1
DA:2,1
DA:3,1
DA:6,1
LF:4
LH:4
BRF:0
BRH:0
end_of_record
TN:
SF:/mnt/e/desktop/gits/frontend-dev-test/src/components/head/head.spec.js
FN:7,(anonymous_0)
FN:8,(anonymous_1)
FNF:2
FNH:2
FNDA:1,(anonymous_0)
FNDA:1,(anonymous_1)
DA:1,1
DA:2,1
DA:3,1
DA:4,1
DA:5,1
DA:7,1
DA:8,1
DA:9,1
DA:11,1
LF:9
LH:9
BRF:0
BRH:0
end_of_record
TN:
SF:/mnt/e/desktop/gits/frontend-dev-test/src/components/node/node.js
FN:6,NodeComponent
FN:19,(anonymous_1)
FNF:2
FNH:2
FNDA:2,NodeComponent
FNDA:2,(anonymous_1)
DA:1,1
DA:2,1
DA:3,1
DA:4,1
DA:6,2
DA:7,2
DA:8,2
DA:10,2
DA:19,2
LF:9
LH:9
BRDA:17,0,0,2
BRDA:17,0,1,1
BRF:2
BRH:2
end_of_record
TN:
SF:/mnt/e/desktop/gits/frontend-dev-test/src/components/node/node.spec.js
FN:7,(anonymous_0)
FN:10,(anonymous_1)
FN:28,(anonymous_2)
FNF:3
FNH:3
FNDA:1,(anonymous_0)
FNDA:1,(anonymous_1)
FNDA:1,(anonymous_2)
DA:1,1
DA:2,1
DA:3,1
DA:4,1
DA:5,1
DA:7,1
DA:8,1
DA:10,1
DA:11,1
DA:12,1
DA:13,1
DA:15,1
DA:17,1
DA:28,1
DA:29,1
DA:30,1
DA:32,1
DA:34,1
LF:18
LH:18
BRF:0
BRH:0
end_of_record
TN:
SF:/mnt/e/desktop/gits/frontend-dev-test/src/components/tree/actions.js
FN:3,fetchedListing
FN:5,getListing
FN:6,(anonymous_2)
FNF:3
FNH:3
FNDA:1,fetchedListing
FNDA:2,getListing
FNDA:1,(anonymous_2)
DA:1,1
DA:3,2
DA:5,3
LF:3
LH:3
BRF:0
BRH:0
end_of_record
TN:
SF:/mnt/e/desktop/gits/frontend-dev-test/src/components/tree/actions.spec.js
FN:10,(anonymous_0)
FN:13,(anonymous_1)
FN:20,(anonymous_2)
FNF:3
FNH:3
FNDA:1,(anonymous_0)
FNDA:1,(anonymous_1)
FNDA:1,(anonymous_2)
DA:1,1
DA:2,1
DA:3,1
DA:4,1
DA:10,1
DA:11,1
DA:13,1
DA:14,1
DA:15,1
DA:17,1
DA:20,1
DA:21,1
DA:23,1
DA:25,1
LF:14
LH:14
BRF:0
BRH:0
end_of_record
TN:
SF:/mnt/e/desktop/gits/frontend-dev-test/src/components/tree/reducer.js
FN:5,_default
FNF:1
FNH:1
FNDA:2,_default
DA:1,1
DA:3,1
DA:5,2
DA:6,2
DA:8,2
DA:10,1
DA:11,1
DA:13,1
DA:16,1
LF:9
LH:9
BRDA:5,0,0,1
BRDA:5,0,1,1
BRDA:5,1,0,4
BRDA:5,1,1,2
BRDA:9,2,0,1
BRDA:9,2,1,1
BRF:6
BRH:6
end_of_record
TN:
SF:/mnt/e/desktop/gits/frontend-dev-test/src/components/tree/reducer.spec.js
FN:6,(anonymous_0)
FN:9,(anonymous_1)
FN:13,(anonymous_2)
FNF:3
FNH:3
FNDA:1,(anonymous_0)
FNDA:1,(anonymous_1)
FNDA:1,(anonymous_2)
DA:1,1
DA:2,1
DA:3,1
DA:4,1
DA:6,1
DA:7,1
DA:9,1
DA:10,1
DA:13,1
DA:14,1
DA:15,1
DA:17,1
LF:12
LH:12
BRF:0
BRH:0
end_of_record
TN:
SF:/mnt/e/desktop/gits/frontend-dev-test/src/components/tree/tree.js
FN:6,Tree
FN:9,(anonymous_1)
FNF:2
FNH:2
FNDA:2,Tree
FNDA:1,(anonymous_1)
DA:1,1
DA:2,1
DA:3,1
DA:4,1
DA:6,2
DA:7,2
DA:9,2
DA:10,1
DA:14,2
DA:15,1
DA:22,1
LF:11
LH:11
BRDA:6,0,0,1
BRDA:6,0,1,1
BRDA:14,1,0,1
BRDA:14,1,1,1
BRF:4
BRH:4
end_of_record
TN:
SF:/mnt/e/desktop/gits/frontend-dev-test/src/components/tree/tree.spec.js
FN:10,(anonymous_0)
FN:13,(anonymous_1)
FN:25,(anonymous_2)
FNF:3
FNH:3
FNDA:1,(anonymous_0)
FNDA:1,(anonymous_1)
FNDA:1,(anonymous_2)
DA:1,1
DA:2,1
DA:3,1
DA:4,1
DA:5,1
DA:6,1
DA:7,1
DA:8,1
DA:10,1
DA:11,1
DA:13,1
DA:14,1
DA:15,1
DA:16,1
DA:18,1
DA:25,1
DA:26,1
DA:28,1
DA:30,1
LF:19
LH:19
BRF:0
BRH:0
end_of_record
